<?xml version="1.0" encoding="UTF-8"?>
<testng-results total="2" passed="2" failed="0" skipped="0">
  <reporter-output>
  </reporter-output>
  <suite started-at="2022-12-01T18:10:32Z" name="Surefire suite" finished-at="2022-12-01T18:11:05Z" duration-ms="33038">
    <groups>
      <group name="cucumber">
        <method signature="AbstractTestNGCucumberTests.runScenario(io.cucumber.testng.PickleWrapper, io.cucumber.testng.FeatureWrapper)[pri:0, instance:Runners._04_TestRunnerSmoke@6279cee3]" name="runScenario" class="io.cucumber.testng.AbstractTestNGCucumberTests"/>
      </group> <!-- cucumber -->
    </groups>
    <test started-at="2022-12-01T18:10:32Z" name="Surefire test" finished-at="2022-12-01T18:11:05Z" duration-ms="33038">
      <class name="Runners._04_TestRunnerSmoke">
        <test-method is-config="true" signature="setUpClass(org.testng.ITestContext)[pri:0, instance:Runners._04_TestRunnerSmoke@6279cee3]" started-at="2022-12-01T19:10:32Z" name="setUpClass" finished-at="2022-12-01T19:10:33Z" duration-ms="875" status="PASS">
          <params>
            <param index="0">
              <value>
                <![CDATA[org.testng.TestRunner@30cafd13]]>
              </value>
            </param>
          </params>
          <reporter-output>
          </reporter-output>
        </test-method> <!-- setUpClass -->
        <test-method signature="runScenario(io.cucumber.testng.PickleWrapper, io.cucumber.testng.FeatureWrapper)[pri:0, instance:Runners._04_TestRunnerSmoke@6279cee3]" started-at="2022-12-01T19:10:33Z" name="runScenario" description="Runs Cucumber Scenarios" data-provider="scenarios" finished-at="2022-12-01T19:10:50Z" duration-ms="17420" status="PASS">
          <params>
            <param index="0">
              <value>
                <![CDATA["Login with valid username and password"]]>
              </value>
            </param>
            <param index="1">
              <value>
                <![CDATA["Login Functionality"]]>
              </value>
            </param>
          </params>
          <reporter-output>
          </reporter-output>
        </test-method> <!-- runScenario -->
        <test-method signature="runScenario(io.cucumber.testng.PickleWrapper, io.cucumber.testng.FeatureWrapper)[pri:0, instance:Runners._04_TestRunnerSmoke@6279cee3]" started-at="2022-12-01T19:10:50Z" name="runScenario" description="Runs Cucumber Scenarios" data-provider="scenarios" finished-at="2022-12-01T19:11:05Z" duration-ms="14669" status="PASS">
          <params>
            <param index="0">
              <value>
                <![CDATA["Create Country"]]>
              </value>
            </param>
            <param index="1">
              <value>
                <![CDATA["Country Functionality"]]>
              </value>
            </param>
          </params>
          <reporter-output>
          </reporter-output>
        </test-method> <!-- runScenario -->
        <test-method is-config="true" signature="tearDownClass()[pri:0, instance:Runners._04_TestRunnerSmoke@6279cee3]" started-at="2022-12-01T19:11:05Z" name="tearDownClass" finished-at="2022-12-01T19:11:05Z" duration-ms="61" status="PASS">
          <reporter-output>
          </reporter-output>
        </test-method> <!-- tearDownClass -->
      </class> <!-- Runners._04_TestRunnerSmoke -->
    </test> <!-- Surefire test -->
  </suite> <!-- Surefire suite -->
</testng-results>
